[2025-05-28 21:19:56] production.ERROR: PDOException: SQLSTATE[HY000] [2002] Connection refused in /Users/matthewoleary/Sites/WHALE_May2025/vendor/laravel/framework/src/Illuminate/Database/Connectors/Connector.php:68
Stack trace:
#0 /Users/matthewoleary/Sites/WHALE_May2025/vendor/laravel/framework/src/Illuminate/Database/Connectors/Connector.php(68): PDO->__construct('mysql:host=127....', 'web4uinccp_scww', 'CK_WP=92_S(I', Array)
#1 /Users/matthewoleary/Sites/WHALE_May2025/vendor/laravel/framework/src/Illuminate/Database/Connectors/Connector.php(44): Illuminate\Database\Connectors\Connector->createPdoConnection('mysql:host=127....', 'web4uinccp_scww', 'CK_WP=92_S(I', Array)
#2 /Users/matthewoleary/Sites/WHALE_May2025/vendor/laravel/framework/src/Illuminate/Database/Connectors/MySqlConnector.php(24): Illuminate\Database\Connectors\Connector->createConnection('mysql:host=127....', Array, Array)
#3 /Users/matthewoleary/Sites/WHALE_May2025/vendor/laravel/framework/src/Illuminate/Database/Connectors/ConnectionFactory.php(183): Illuminate\Database\Connectors\MySqlConnector->connect(Array)
#4 [internal function]: Illuminate\Database\Connectors\ConnectionFactory->Illuminate\Database\Connectors\{closure}()
#5 /Users/matthewoleary/Sites/WHALE_May2025/vendor/laravel/framework/src/Illuminate/Database/Connection.php(882): call_user_func(Object(Closure))
#6 /Users/matthewoleary/Sites/WHALE_May2025/vendor/laravel/framework/src/Illuminate/Database/Connection.php(903): Illuminate\Database\Connection->getPdo()
#7 /Users/matthewoleary/Sites/WHALE_May2025/vendor/laravel/framework/src/Illuminate/Database/Connection.php(392): Illuminate\Database\Connection->getReadPdo()
#8 /Users/matthewoleary/Sites/WHALE_May2025/vendor/laravel/framework/src/Illuminate/Database/Connection.php(318): Illuminate\Database\Connection->getPdoForSelect(true)
#9 /Users/matthewoleary/Sites/WHALE_May2025/vendor/laravel/framework/src/Illuminate/Database/Connection.php(640): Illuminate\Database\Connection->Illuminate\Database\{closure}('select * from i...', Array)
#10 /Users/matthewoleary/Sites/WHALE_May2025/vendor/laravel/framework/src/Illuminate/Database/Connection.php(607): Illuminate\Database\Connection->runQueryCallback('select * from i...', Array, Object(Closure))
#11 /Users/matthewoleary/Sites/WHALE_May2025/vendor/laravel/framework/src/Illuminate/Database/Connection.php(326): Illuminate\Database\Connection->run('select * from i...', Array, Object(Closure))
#12 /Users/matthewoleary/Sites/WHALE_May2025/vendor/laravel/framework/src/Illuminate/Database/Schema/MySqlBuilder.php(18): Illuminate\Database\Connection->select('select * from i...', Array)
#13 /Users/matthewoleary/Sites/WHALE_May2025/vendor/laravel/framework/src/Illuminate/Support/Facades/Facade.php(221): Illuminate\Database\Schema\MySqlBuilder->hasTable('blog')
#14 /Users/matthewoleary/Sites/WHALE_May2025/app/Models/Blog/Blog.php(41): Illuminate\Support\Facades\Facade::__callStatic('hasTable', Array)
#15 /Users/matthewoleary/Sites/WHALE_May2025/routes/web.php(29): App\Models\Blog\Blog::routes()
#16 /Users/matthewoleary/Sites/WHALE_May2025/vendor/laravel/framework/src/Illuminate/Routing/Router.php(310): Illuminate\Routing\Router->{closure}(Object(Illuminate\Routing\Router))
#17 /Users/matthewoleary/Sites/WHALE_May2025/vendor/laravel/framework/src/Illuminate/Routing/Router.php(270): Illuminate\Routing\Router->loadRoutes(Object(Closure))
#18 /Users/matthewoleary/Sites/WHALE_May2025/routes/web.php(34): Illuminate\Routing\Router->group(Array, Object(Closure))
#19 /Users/matthewoleary/Sites/WHALE_May2025/vendor/laravel/framework/src/Illuminate/Routing/Router.php(314): require('/Users/matthewo...')
#20 /Users/matthewoleary/Sites/WHALE_May2025/vendor/laravel/framework/src/Illuminate/Routing/Router.php(270): Illuminate\Routing\Router->loadRoutes('/Users/matthewo...')
#21 /Users/matthewoleary/Sites/WHALE_May2025/vendor/laravel/framework/src/Illuminate/Routing/RouteRegistrar.php(104): Illuminate\Routing\Router->group(Array, '/Users/matthewo...')
#22 /Users/matthewoleary/Sites/WHALE_May2025/app/Providers/RouteServiceProvider.php(56): Illuminate\Routing\RouteRegistrar->group('/Users/matthewo...')
#23 /Users/matthewoleary/Sites/WHALE_May2025/app/Providers/RouteServiceProvider.php(40): App\Providers\RouteServiceProvider->mapWebRoutes()
#24 [internal function]: App\Providers\RouteServiceProvider->map()
#25 /Users/matthewoleary/Sites/WHALE_May2025/vendor/laravel/framework/src/Illuminate/Container/BoundMethod.php(29): call_user_func_array(Array, Array)
#26 /Users/matthewoleary/Sites/WHALE_May2025/vendor/laravel/framework/src/Illuminate/Container/BoundMethod.php(87): Illuminate\Container\BoundMethod::Illuminate\Container\{closure}()
#27 /Users/matthewoleary/Sites/WHALE_May2025/vendor/laravel/framework/src/Illuminate/Container/BoundMethod.php(31): Illuminate\Container\BoundMethod::callBoundMethod(Object(Illuminate\Foundation\Application), Array, Object(Closure))
#28 /Users/matthewoleary/Sites/WHALE_May2025/vendor/laravel/framework/src/Illuminate/Container/Container.php(531): Illuminate\Container\BoundMethod::call(Object(Illuminate\Foundation\Application), Array, Array, NULL)
#29 /Users/matthewoleary/Sites/WHALE_May2025/vendor/laravel/framework/src/Illuminate/Foundation/Support/Providers/RouteServiceProvider.php(71): Illuminate\Container\Container->call(Array)
#30 /Users/matthewoleary/Sites/WHALE_May2025/vendor/laravel/framework/src/Illuminate/Foundation/Support/Providers/RouteServiceProvider.php(30): Illuminate\Foundation\Support\Providers\RouteServiceProvider->loadRoutes()
#31 /Users/matthewoleary/Sites/WHALE_May2025/app/Providers/RouteServiceProvider.php(28): Illuminate\Foundation\Support\Providers\RouteServiceProvider->boot()
#32 [internal function]: App\Providers\RouteServiceProvider->boot()
#33 /Users/matthewoleary/Sites/WHALE_May2025/vendor/laravel/framework/src/Illuminate/Container/BoundMethod.php(29): call_user_func_array(Array, Array)
#34 /Users/matthewoleary/Sites/WHALE_May2025/vendor/laravel/framework/src/Illuminate/Container/BoundMethod.php(87): Illuminate\Container\BoundMethod::Illuminate\Container\{closure}()
#35 /Users/matthewoleary/Sites/WHALE_May2025/vendor/laravel/framework/src/Illuminate/Container/BoundMethod.php(31): Illuminate\Container\BoundMethod::callBoundMethod(Object(Illuminate\Foundation\Application), Array, Object(Closure))
#36 /Users/matthewoleary/Sites/WHALE_May2025/vendor/laravel/framework/src/Illuminate/Container/Container.php(531): Illuminate\Container\BoundMethod::call(Object(Illuminate\Foundation\Application), Array, Array, NULL)
#37 /Users/matthewoleary/Sites/WHALE_May2025/vendor/laravel/framework/src/Illuminate/Foundation/Application.php(768): Illuminate\Container\Container->call(Array)
#38 /Users/matthewoleary/Sites/WHALE_May2025/vendor/laravel/framework/src/Illuminate/Foundation/Application.php(751): Illuminate\Foundation\Application->bootProvider(Object(App\Providers\RouteServiceProvider))
#39 [internal function]: Illuminate\Foundation\Application->Illuminate\Foundation\{closure}(Object(App\Providers\RouteServiceProvider), 16)
#40 /Users/matthewoleary/Sites/WHALE_May2025/vendor/laravel/framework/src/Illuminate/Foundation/Application.php(752): array_walk(Array, Object(Closure))
#41 /Users/matthewoleary/Sites/WHALE_May2025/vendor/laravel/framework/src/Illuminate/Foundation/Bootstrap/BootProviders.php(17): Illuminate\Foundation\Application->boot()
#42 /Users/matthewoleary/Sites/WHALE_May2025/vendor/laravel/framework/src/Illuminate/Foundation/Application.php(208): Illuminate\Foundation\Bootstrap\BootProviders->bootstrap(Object(Illuminate\Foundation\Application))
#43 /Users/matthewoleary/Sites/WHALE_May2025/vendor/laravel/framework/src/Illuminate/Foundation/Console/Kernel.php(270): Illuminate\Foundation\Application->bootstrapWith(Array)
#44 /Users/matthewoleary/Sites/WHALE_May2025/vendor/laravel/framework/src/Illuminate/Foundation/Console/Kernel.php(115): Illuminate\Foundation\Console\Kernel->bootstrap()
#45 /Users/matthewoleary/Sites/WHALE_May2025/artisan(35): Illuminate\Foundation\Console\Kernel->handle(Object(Symfony\Component\Console\Input\ArgvInput), Object(Symfony\Component\Console\Output\ConsoleOutput))
#46 {main}  
[2025-05-28 21:19:56] production.ERROR: PDOException: SQLSTATE[HY000] [2002] Connection refused in /Users/matthewoleary/Sites/WHALE_May2025/vendor/laravel/framework/src/Illuminate/Database/Connectors/Connector.php:68
Stack trace:
#0 /Users/matthewoleary/Sites/WHALE_May2025/vendor/laravel/framework/src/Illuminate/Database/Connectors/Connector.php(68): PDO->__construct('mysql:host=127....', 'web4uinccp_scww', 'CK_WP=92_S(I', Array)
#1 /Users/matthewoleary/Sites/WHALE_May2025/vendor/laravel/framework/src/Illuminate/Database/Connectors/Connector.php(44): Illuminate\Database\Connectors\Connector->createPdoConnection('mysql:host=127....', 'web4uinccp_scww', 'CK_WP=92_S(I', Array)
#2 /Users/matthewoleary/Sites/WHALE_May2025/vendor/laravel/framework/src/Illuminate/Database/Connectors/MySqlConnector.php(24): Illuminate\Database\Connectors\Connector->createConnection('mysql:host=127....', Array, Array)
#3 /Users/matthewoleary/Sites/WHALE_May2025/vendor/laravel/framework/src/Illuminate/Database/Connectors/ConnectionFactory.php(183): Illuminate\Database\Connectors\MySqlConnector->connect(Array)
#4 [internal function]: Illuminate\Database\Connectors\ConnectionFactory->Illuminate\Database\Connectors\{closure}()
#5 /Users/matthewoleary/Sites/WHALE_May2025/vendor/laravel/framework/src/Illuminate/Database/Connection.php(882): call_user_func(Object(Closure))
#6 /Users/matthewoleary/Sites/WHALE_May2025/vendor/laravel/framework/src/Illuminate/Database/Connection.php(903): Illuminate\Database\Connection->getPdo()
#7 /Users/matthewoleary/Sites/WHALE_May2025/vendor/laravel/framework/src/Illuminate/Database/Connection.php(392): Illuminate\Database\Connection->getReadPdo()
#8 /Users/matthewoleary/Sites/WHALE_May2025/vendor/laravel/framework/src/Illuminate/Database/Connection.php(318): Illuminate\Database\Connection->getPdoForSelect(true)
#9 /Users/matthewoleary/Sites/WHALE_May2025/vendor/laravel/framework/src/Illuminate/Database/Connection.php(640): Illuminate\Database\Connection->Illuminate\Database\{closure}('select * from i...', Array)
#10 /Users/matthewoleary/Sites/WHALE_May2025/vendor/laravel/framework/src/Illuminate/Database/Connection.php(607): Illuminate\Database\Connection->runQueryCallback('select * from i...', Array, Object(Closure))
#11 /Users/matthewoleary/Sites/WHALE_May2025/vendor/laravel/framework/src/Illuminate/Database/Connection.php(326): Illuminate\Database\Connection->run('select * from i...', Array, Object(Closure))
#12 /Users/matthewoleary/Sites/WHALE_May2025/vendor/laravel/framework/src/Illuminate/Database/Schema/MySqlBuilder.php(18): Illuminate\Database\Connection->select('select * from i...', Array)
#13 /Users/matthewoleary/Sites/WHALE_May2025/vendor/laravel/framework/src/Illuminate/Support/Facades/Facade.php(221): Illuminate\Database\Schema\MySqlBuilder->hasTable('blog')
#14 /Users/matthewoleary/Sites/WHALE_May2025/app/Models/Blog/Blog.php(41): Illuminate\Support\Facades\Facade::__callStatic('hasTable', Array)
#15 /Users/matthewoleary/Sites/WHALE_May2025/routes/web.php(29): App\Models\Blog\Blog::routes()
#16 /Users/matthewoleary/Sites/WHALE_May2025/vendor/laravel/framework/src/Illuminate/Routing/Router.php(310): Illuminate\Routing\Router->{closure}(Object(Illuminate\Routing\Router))
#17 /Users/matthewoleary/Sites/WHALE_May2025/vendor/laravel/framework/src/Illuminate/Routing/Router.php(270): Illuminate\Routing\Router->loadRoutes(Object(Closure))
#18 /Users/matthewoleary/Sites/WHALE_May2025/routes/web.php(34): Illuminate\Routing\Router->group(Array, Object(Closure))
#19 /Users/matthewoleary/Sites/WHALE_May2025/vendor/laravel/framework/src/Illuminate/Routing/Router.php(314): require('/Users/matthewo...')
#20 /Users/matthewoleary/Sites/WHALE_May2025/vendor/laravel/framework/src/Illuminate/Routing/Router.php(270): Illuminate\Routing\Router->loadRoutes('/Users/matthewo...')
#21 /Users/matthewoleary/Sites/WHALE_May2025/vendor/laravel/framework/src/Illuminate/Routing/RouteRegistrar.php(104): Illuminate\Routing\Router->group(Array, '/Users/matthewo...')
#22 /Users/matthewoleary/Sites/WHALE_May2025/app/Providers/RouteServiceProvider.php(56): Illuminate\Routing\RouteRegistrar->group('/Users/matthewo...')
#23 /Users/matthewoleary/Sites/WHALE_May2025/app/Providers/RouteServiceProvider.php(40): App\Providers\RouteServiceProvider->mapWebRoutes()
#24 [internal function]: App\Providers\RouteServiceProvider->map()
#25 /Users/matthewoleary/Sites/WHALE_May2025/vendor/laravel/framework/src/Illuminate/Container/BoundMethod.php(29): call_user_func_array(Array, Array)
#26 /Users/matthewoleary/Sites/WHALE_May2025/vendor/laravel/framework/src/Illuminate/Container/BoundMethod.php(87): Illuminate\Container\BoundMethod::Illuminate\Container\{closure}()
#27 /Users/matthewoleary/Sites/WHALE_May2025/vendor/laravel/framework/src/Illuminate/Container/BoundMethod.php(31): Illuminate\Container\BoundMethod::callBoundMethod(Object(Illuminate\Foundation\Application), Array, Object(Closure))
#28 /Users/matthewoleary/Sites/WHALE_May2025/vendor/laravel/framework/src/Illuminate/Container/Container.php(531): Illuminate\Container\BoundMethod::call(Object(Illuminate\Foundation\Application), Array, Array, NULL)
#29 /Users/matthewoleary/Sites/WHALE_May2025/vendor/laravel/framework/src/Illuminate/Foundation/Support/Providers/RouteServiceProvider.php(71): Illuminate\Container\Container->call(Array)
#30 /Users/matthewoleary/Sites/WHALE_May2025/vendor/laravel/framework/src/Illuminate/Foundation/Support/Providers/RouteServiceProvider.php(30): Illuminate\Foundation\Support\Providers\RouteServiceProvider->loadRoutes()
#31 /Users/matthewoleary/Sites/WHALE_May2025/app/Providers/RouteServiceProvider.php(28): Illuminate\Foundation\Support\Providers\RouteServiceProvider->boot()
#32 [internal function]: App\Providers\RouteServiceProvider->boot()
#33 /Users/matthewoleary/Sites/WHALE_May2025/vendor/laravel/framework/src/Illuminate/Container/BoundMethod.php(29): call_user_func_array(Array, Array)
#34 /Users/matthewoleary/Sites/WHALE_May2025/vendor/laravel/framework/src/Illuminate/Container/BoundMethod.php(87): Illuminate\Container\BoundMethod::Illuminate\Container\{closure}()
#35 /Users/matthewoleary/Sites/WHALE_May2025/vendor/laravel/framework/src/Illuminate/Container/BoundMethod.php(31): Illuminate\Container\BoundMethod::callBoundMethod(Object(Illuminate\Foundation\Application), Array, Object(Closure))
#36 /Users/matthewoleary/Sites/WHALE_May2025/vendor/laravel/framework/src/Illuminate/Container/Container.php(531): Illuminate\Container\BoundMethod::call(Object(Illuminate\Foundation\Application), Array, Array, NULL)
#37 /Users/matthewoleary/Sites/WHALE_May2025/vendor/laravel/framework/src/Illuminate/Foundation/Application.php(768): Illuminate\Container\Container->call(Array)
#38 /Users/matthewoleary/Sites/WHALE_May2025/vendor/laravel/framework/src/Illuminate/Foundation/Application.php(751): Illuminate\Foundation\Application->bootProvider(Object(App\Providers\RouteServiceProvider))
#39 [internal function]: Illuminate\Foundation\Application->Illuminate\Foundation\{closure}(Object(App\Providers\RouteServiceProvider), 16)
#40 /Users/matthewoleary/Sites/WHALE_May2025/vendor/laravel/framework/src/Illuminate/Foundation/Application.php(752): array_walk(Array, Object(Closure))
#41 /Users/matthewoleary/Sites/WHALE_May2025/vendor/laravel/framework/src/Illuminate/Foundation/Bootstrap/BootProviders.php(17): Illuminate\Foundation\Application->boot()
#42 /Users/matthewoleary/Sites/WHALE_May2025/vendor/laravel/framework/src/Illuminate/Foundation/Application.php(208): Illuminate\Foundation\Bootstrap\BootProviders->bootstrap(Object(Illuminate\Foundation\Application))
#43 /Users/matthewoleary/Sites/WHALE_May2025/vendor/laravel/framework/src/Illuminate/Foundation/Console/Kernel.php(270): Illuminate\Foundation\Application->bootstrapWith(Array)
#44 /Users/matthewoleary/Sites/WHALE_May2025/vendor/laravel/framework/src/Illuminate/Foundation/Console/Kernel.php(115): Illuminate\Foundation\Console\Kernel->bootstrap()
#45 /Users/matthewoleary/Sites/WHALE_May2025/artisan(35): Illuminate\Foundation\Console\Kernel->handle(Object(Symfony\Component\Console\Input\ArgvInput), Object(Symfony\Component\Console\Output\ConsoleOutput))
#46 {main}

Next Illuminate\Database\QueryException: SQLSTATE[HY000] [2002] Connection refused (SQL: select * from information_schema.tables where table_schema = web4uinccp_scww and table_name = blog) in /Users/matthewoleary/Sites/WHALE_May2025/vendor/laravel/framework/src/Illuminate/Database/Connection.php:647
Stack trace:
#0 /Users/matthewoleary/Sites/WHALE_May2025/vendor/laravel/framework/src/Illuminate/Database/Connection.php(607): Illuminate\Database\Connection->runQueryCallback('select * from i...', Array, Object(Closure))
#1 /Users/matthewoleary/Sites/WHALE_May2025/vendor/laravel/framework/src/Illuminate/Database/Connection.php(326): Illuminate\Database\Connection->run('select * from i...', Array, Object(Closure))
#2 /Users/matthewoleary/Sites/WHALE_May2025/vendor/laravel/framework/src/Illuminate/Database/Schema/MySqlBuilder.php(18): Illuminate\Database\Connection->select('select * from i...', Array)
#3 /Users/matthewoleary/Sites/WHALE_May2025/vendor/laravel/framework/src/Illuminate/Support/Facades/Facade.php(221): Illuminate\Database\Schema\MySqlBuilder->hasTable('blog')
#4 /Users/matthewoleary/Sites/WHALE_May2025/app/Models/Blog/Blog.php(41): Illuminate\Support\Facades\Facade::__callStatic('hasTable', Array)
#5 /Users/matthewoleary/Sites/WHALE_May2025/routes/web.php(29): App\Models\Blog\Blog::routes()
#6 /Users/matthewoleary/Sites/WHALE_May2025/vendor/laravel/framework/src/Illuminate/Routing/Router.php(310): Illuminate\Routing\Router->{closure}(Object(Illuminate\Routing\Router))
#7 /Users/matthewoleary/Sites/WHALE_May2025/vendor/laravel/framework/src/Illuminate/Routing/Router.php(270): Illuminate\Routing\Router->loadRoutes(Object(Closure))
#8 /Users/matthewoleary/Sites/WHALE_May2025/routes/web.php(34): Illuminate\Routing\Router->group(Array, Object(Closure))
#9 /Users/matthewoleary/Sites/WHALE_May2025/vendor/laravel/framework/src/Illuminate/Routing/Router.php(314): require('/Users/matthewo...')
#10 /Users/matthewoleary/Sites/WHALE_May2025/vendor/laravel/framework/src/Illuminate/Routing/Router.php(270): Illuminate\Routing\Router->loadRoutes('/Users/matthewo...')
#11 /Users/matthewoleary/Sites/WHALE_May2025/vendor/laravel/framework/src/Illuminate/Routing/RouteRegistrar.php(104): Illuminate\Routing\Router->group(Array, '/Users/matthewo...')
#12 /Users/matthewoleary/Sites/WHALE_May2025/app/Providers/RouteServiceProvider.php(56): Illuminate\Routing\RouteRegistrar->group('/Users/matthewo...')
#13 /Users/matthewoleary/Sites/WHALE_May2025/app/Providers/RouteServiceProvider.php(40): App\Providers\RouteServiceProvider->mapWebRoutes()
#14 [internal function]: App\Providers\RouteServiceProvider->map()
#15 /Users/matthewoleary/Sites/WHALE_May2025/vendor/laravel/framework/src/Illuminate/Container/BoundMethod.php(29): call_user_func_array(Array, Array)
#16 /Users/matthewoleary/Sites/WHALE_May2025/vendor/laravel/framework/src/Illuminate/Container/BoundMethod.php(87): Illuminate\Container\BoundMethod::Illuminate\Container\{closure}()
#17 /Users/matthewoleary/Sites/WHALE_May2025/vendor/laravel/framework/src/Illuminate/Container/BoundMethod.php(31): Illuminate\Container\BoundMethod::callBoundMethod(Object(Illuminate\Foundation\Application), Array, Object(Closure))
#18 /Users/matthewoleary/Sites/WHALE_May2025/vendor/laravel/framework/src/Illuminate/Container/Container.php(531): Illuminate\Container\BoundMethod::call(Object(Illuminate\Foundation\Application), Array, Array, NULL)
#19 /Users/matthewoleary/Sites/WHALE_May2025/vendor/laravel/framework/src/Illuminate/Foundation/Support/Providers/RouteServiceProvider.php(71): Illuminate\Container\Container->call(Array)
#20 /Users/matthewoleary/Sites/WHALE_May2025/vendor/laravel/framework/src/Illuminate/Foundation/Support/Providers/RouteServiceProvider.php(30): Illuminate\Foundation\Support\Providers\RouteServiceProvider->loadRoutes()
#21 /Users/matthewoleary/Sites/WHALE_May2025/app/Providers/RouteServiceProvider.php(28): Illuminate\Foundation\Support\Providers\RouteServiceProvider->boot()
#22 [internal function]: App\Providers\RouteServiceProvider->boot()
#23 /Users/matthewoleary/Sites/WHALE_May2025/vendor/laravel/framework/src/Illuminate/Container/BoundMethod.php(29): call_user_func_array(Array, Array)
#24 /Users/matthewoleary/Sites/WHALE_May2025/vendor/laravel/framework/src/Illuminate/Container/BoundMethod.php(87): Illuminate\Container\BoundMethod::Illuminate\Container\{closure}()
#25 /Users/matthewoleary/Sites/WHALE_May2025/vendor/laravel/framework/src/Illuminate/Container/BoundMethod.php(31): Illuminate\Container\BoundMethod::callBoundMethod(Object(Illuminate\Foundation\Application), Array, Object(Closure))
#26 /Users/matthewoleary/Sites/WHALE_May2025/vendor/laravel/framework/src/Illuminate/Container/Container.php(531): Illuminate\Container\BoundMethod::call(Object(Illuminate\Foundation\Application), Array, Array, NULL)
#27 /Users/matthewoleary/Sites/WHALE_May2025/vendor/laravel/framework/src/Illuminate/Foundation/Application.php(768): Illuminate\Container\Container->call(Array)
#28 /Users/matthewoleary/Sites/WHALE_May2025/vendor/laravel/framework/src/Illuminate/Foundation/Application.php(751): Illuminate\Foundation\Application->bootProvider(Object(App\Providers\RouteServiceProvider))
#29 [internal function]: Illuminate\Foundation\Application->Illuminate\Foundation\{closure}(Object(App\Providers\RouteServiceProvider), 16)
#30 /Users/matthewoleary/Sites/WHALE_May2025/vendor/laravel/framework/src/Illuminate/Foundation/Application.php(752): array_walk(Array, Object(Closure))
#31 /Users/matthewoleary/Sites/WHALE_May2025/vendor/laravel/framework/src/Illuminate/Foundation/Bootstrap/BootProviders.php(17): Illuminate\Foundation\Application->boot()
#32 /Users/matthewoleary/Sites/WHALE_May2025/vendor/laravel/framework/src/Illuminate/Foundation/Application.php(208): Illuminate\Foundation\Bootstrap\BootProviders->bootstrap(Object(Illuminate\Foundation\Application))
#33 /Users/matthewoleary/Sites/WHALE_May2025/vendor/laravel/framework/src/Illuminate/Foundation/Console/Kernel.php(270): Illuminate\Foundation\Application->bootstrapWith(Array)
#34 /Users/matthewoleary/Sites/WHALE_May2025/vendor/laravel/framework/src/Illuminate/Foundation/Console/Kernel.php(115): Illuminate\Foundation\Console\Kernel->bootstrap()
#35 /Users/matthewoleary/Sites/WHALE_May2025/artisan(35): Illuminate\Foundation\Console\Kernel->handle(Object(Symfony\Component\Console\Input\ArgvInput), Object(Symfony\Component\Console\Output\ConsoleOutput))
#36 {main}  
[2025-05-28 21:27:50] local.ERROR: InvalidArgumentException: Database (database/database.sqlite) does not exist. in /Users/matthewoleary/Sites/WHALE_May2025/vendor/laravel/framework/src/Illuminate/Database/Connectors/SQLiteConnector.php:34
Stack trace:
#0 /Users/matthewoleary/Sites/WHALE_May2025/vendor/laravel/framework/src/Illuminate/Database/Connectors/ConnectionFactory.php(221): Illuminate\Database\Connectors\SQLiteConnector->connect(Array)
#1 [internal function]: Illuminate\Database\Connectors\ConnectionFactory->Illuminate\Database\Connectors\{closure}()
#2 /Users/matthewoleary/Sites/WHALE_May2025/vendor/laravel/framework/src/Illuminate/Database/Connection.php(882): call_user_func(Object(Closure))
#3 /Users/matthewoleary/Sites/WHALE_May2025/vendor/laravel/framework/src/Illuminate/Database/Connection.php(903): Illuminate\Database\Connection->getPdo()
#4 /Users/matthewoleary/Sites/WHALE_May2025/vendor/laravel/framework/src/Illuminate/Database/Connection.php(392): Illuminate\Database\Connection->getReadPdo()
#5 /Users/matthewoleary/Sites/WHALE_May2025/vendor/laravel/framework/src/Illuminate/Database/Connection.php(318): Illuminate\Database\Connection->getPdoForSelect(true)
#6 /Users/matthewoleary/Sites/WHALE_May2025/vendor/laravel/framework/src/Illuminate/Database/Connection.php(640): Illuminate\Database\Connection->Illuminate\Database\{closure}('select * from s...', Array)
#7 /Users/matthewoleary/Sites/WHALE_May2025/vendor/laravel/framework/src/Illuminate/Database/Connection.php(607): Illuminate\Database\Connection->runQueryCallback('select * from s...', Array, Object(Closure))
#8 /Users/matthewoleary/Sites/WHALE_May2025/vendor/laravel/framework/src/Illuminate/Database/Connection.php(326): Illuminate\Database\Connection->run('select * from s...', Array, Object(Closure))
#9 /Users/matthewoleary/Sites/WHALE_May2025/vendor/laravel/framework/src/Illuminate/Database/Schema/Builder.php(72): Illuminate\Database\Connection->select('select * from s...', Array)
#10 /Users/matthewoleary/Sites/WHALE_May2025/vendor/laravel/framework/src/Illuminate/Support/Facades/Facade.php(221): Illuminate\Database\Schema\Builder->hasTable('blog')
#11 /Users/matthewoleary/Sites/WHALE_May2025/app/Models/Blog/Blog.php(41): Illuminate\Support\Facades\Facade::__callStatic('hasTable', Array)
#12 /Users/matthewoleary/Sites/WHALE_May2025/routes/web.php(29): App\Models\Blog\Blog::routes()
#13 /Users/matthewoleary/Sites/WHALE_May2025/vendor/laravel/framework/src/Illuminate/Routing/Router.php(310): Illuminate\Routing\Router->{closure}(Object(Illuminate\Routing\Router))
#14 /Users/matthewoleary/Sites/WHALE_May2025/vendor/laravel/framework/src/Illuminate/Routing/Router.php(270): Illuminate\Routing\Router->loadRoutes(Object(Closure))
#15 /Users/matthewoleary/Sites/WHALE_May2025/routes/web.php(34): Illuminate\Routing\Router->group(Array, Object(Closure))
#16 /Users/matthewoleary/Sites/WHALE_May2025/vendor/laravel/framework/src/Illuminate/Routing/Router.php(314): require('/Users/matthewo...')
#17 /Users/matthewoleary/Sites/WHALE_May2025/vendor/laravel/framework/src/Illuminate/Routing/Router.php(270): Illuminate\Routing\Router->loadRoutes('/Users/matthewo...')
#18 /Users/matthewoleary/Sites/WHALE_May2025/vendor/laravel/framework/src/Illuminate/Routing/RouteRegistrar.php(104): Illuminate\Routing\Router->group(Array, '/Users/matthewo...')
#19 /Users/matthewoleary/Sites/WHALE_May2025/app/Providers/RouteServiceProvider.php(56): Illuminate\Routing\RouteRegistrar->group('/Users/matthewo...')
#20 /Users/matthewoleary/Sites/WHALE_May2025/app/Providers/RouteServiceProvider.php(40): App\Providers\RouteServiceProvider->mapWebRoutes()
#21 [internal function]: App\Providers\RouteServiceProvider->map()
#22 /Users/matthewoleary/Sites/WHALE_May2025/vendor/laravel/framework/src/Illuminate/Container/BoundMethod.php(29): call_user_func_array(Array, Array)
#23 /Users/matthewoleary/Sites/WHALE_May2025/vendor/laravel/framework/src/Illuminate/Container/BoundMethod.php(87): Illuminate\Container\BoundMethod::Illuminate\Container\{closure}()
#24 /Users/matthewoleary/Sites/WHALE_May2025/vendor/laravel/framework/src/Illuminate/Container/BoundMethod.php(31): Illuminate\Container\BoundMethod::callBoundMethod(Object(Illuminate\Foundation\Application), Array, Object(Closure))
#25 /Users/matthewoleary/Sites/WHALE_May2025/vendor/laravel/framework/src/Illuminate/Container/Container.php(531): Illuminate\Container\BoundMethod::call(Object(Illuminate\Foundation\Application), Array, Array, NULL)
#26 /Users/matthewoleary/Sites/WHALE_May2025/vendor/laravel/framework/src/Illuminate/Foundation/Support/Providers/RouteServiceProvider.php(71): Illuminate\Container\Container->call(Array)
#27 /Users/matthewoleary/Sites/WHALE_May2025/vendor/laravel/framework/src/Illuminate/Foundation/Support/Providers/RouteServiceProvider.php(30): Illuminate\Foundation\Support\Providers\RouteServiceProvider->loadRoutes()
#28 /Users/matthewoleary/Sites/WHALE_May2025/app/Providers/RouteServiceProvider.php(28): Illuminate\Foundation\Support\Providers\RouteServiceProvider->boot()
#29 [internal function]: App\Providers\RouteServiceProvider->boot()
#30 /Users/matthewoleary/Sites/WHALE_May2025/vendor/laravel/framework/src/Illuminate/Container/BoundMethod.php(29): call_user_func_array(Array, Array)
#31 /Users/matthewoleary/Sites/WHALE_May2025/vendor/laravel/framework/src/Illuminate/Container/BoundMethod.php(87): Illuminate\Container\BoundMethod::Illuminate\Container\{closure}()
#32 /Users/matthewoleary/Sites/WHALE_May2025/vendor/laravel/framework/src/Illuminate/Container/BoundMethod.php(31): Illuminate\Container\BoundMethod::callBoundMethod(Object(Illuminate\Foundation\Application), Array, Object(Closure))
#33 /Users/matthewoleary/Sites/WHALE_May2025/vendor/laravel/framework/src/Illuminate/Container/Container.php(531): Illuminate\Container\BoundMethod::call(Object(Illuminate\Foundation\Application), Array, Array, NULL)
#34 /Users/matthewoleary/Sites/WHALE_May2025/vendor/laravel/framework/src/Illuminate/Foundation/Application.php(768): Illuminate\Container\Container->call(Array)
#35 /Users/matthewoleary/Sites/WHALE_May2025/vendor/laravel/framework/src/Illuminate/Foundation/Application.php(751): Illuminate\Foundation\Application->bootProvider(Object(App\Providers\RouteServiceProvider))
#36 [internal function]: Illuminate\Foundation\Application->Illuminate\Foundation\{closure}(Object(App\Providers\RouteServiceProvider), 16)
#37 /Users/matthewoleary/Sites/WHALE_May2025/vendor/laravel/framework/src/Illuminate/Foundation/Application.php(752): array_walk(Array, Object(Closure))
#38 /Users/matthewoleary/Sites/WHALE_May2025/vendor/laravel/framework/src/Illuminate/Foundation/Bootstrap/BootProviders.php(17): Illuminate\Foundation\Application->boot()
#39 /Users/matthewoleary/Sites/WHALE_May2025/vendor/laravel/framework/src/Illuminate/Foundation/Application.php(208): Illuminate\Foundation\Bootstrap\BootProviders->bootstrap(Object(Illuminate\Foundation\Application))
#40 /Users/matthewoleary/Sites/WHALE_May2025/vendor/laravel/framework/src/Illuminate/Foundation/Http/Kernel.php(160): Illuminate\Foundation\Application->bootstrapWith(Array)
#41 /Users/matthewoleary/Sites/WHALE_May2025/vendor/laravel/framework/src/Illuminate/Foundation/Http/Kernel.php(144): Illuminate\Foundation\Http\Kernel->bootstrap()
#42 /Users/matthewoleary/Sites/WHALE_May2025/vendor/laravel/framework/src/Illuminate/Foundation/Http/Kernel.php(116): Illuminate\Foundation\Http\Kernel->sendRequestThroughRouter(Object(Illuminate\Http\Request))
#43 /Users/matthewoleary/Sites/WHALE_May2025/public/index.php(52): Illuminate\Foundation\Http\Kernel->handle(Object(Illuminate\Http\Request))
#44 /Users/matthewoleary/Sites/WHALE_May2025/server.php(21): require_once('/Users/matthewo...')
#45 {main}

Next Illuminate\Database\QueryException: Database (database/database.sqlite) does not exist. (SQL: select * from sqlite_master where type = 'table' and name = blog) in /Users/matthewoleary/Sites/WHALE_May2025/vendor/laravel/framework/src/Illuminate/Database/Connection.php:647
Stack trace:
#0 /Users/matthewoleary/Sites/WHALE_May2025/vendor/laravel/framework/src/Illuminate/Database/Connection.php(607): Illuminate\Database\Connection->runQueryCallback('select * from s...', Array, Object(Closure))
#1 /Users/matthewoleary/Sites/WHALE_May2025/vendor/laravel/framework/src/Illuminate/Database/Connection.php(326): Illuminate\Database\Connection->run('select * from s...', Array, Object(Closure))
#2 /Users/matthewoleary/Sites/WHALE_May2025/vendor/laravel/framework/src/Illuminate/Database/Schema/Builder.php(72): Illuminate\Database\Connection->select('select * from s...', Array)
#3 /Users/matthewoleary/Sites/WHALE_May2025/vendor/laravel/framework/src/Illuminate/Support/Facades/Facade.php(221): Illuminate\Database\Schema\Builder->hasTable('blog')
#4 /Users/matthewoleary/Sites/WHALE_May2025/app/Models/Blog/Blog.php(41): Illuminate\Support\Facades\Facade::__callStatic('hasTable', Array)
#5 /Users/matthewoleary/Sites/WHALE_May2025/routes/web.php(29): App\Models\Blog\Blog::routes()
#6 /Users/matthewoleary/Sites/WHALE_May2025/vendor/laravel/framework/src/Illuminate/Routing/Router.php(310): Illuminate\Routing\Router->{closure}(Object(Illuminate\Routing\Router))
#7 /Users/matthewoleary/Sites/WHALE_May2025/vendor/laravel/framework/src/Illuminate/Routing/Router.php(270): Illuminate\Routing\Router->loadRoutes(Object(Closure))
#8 /Users/matthewoleary/Sites/WHALE_May2025/routes/web.php(34): Illuminate\Routing\Router->group(Array, Object(Closure))
#9 /Users/matthewoleary/Sites/WHALE_May2025/vendor/laravel/framework/src/Illuminate/Routing/Router.php(314): require('/Users/matthewo...')
#10 /Users/matthewoleary/Sites/WHALE_May2025/vendor/laravel/framework/src/Illuminate/Routing/Router.php(270): Illuminate\Routing\Router->loadRoutes('/Users/matthewo...')
#11 /Users/matthewoleary/Sites/WHALE_May2025/vendor/laravel/framework/src/Illuminate/Routing/RouteRegistrar.php(104): Illuminate\Routing\Router->group(Array, '/Users/matthewo...')
#12 /Users/matthewoleary/Sites/WHALE_May2025/app/Providers/RouteServiceProvider.php(56): Illuminate\Routing\RouteRegistrar->group('/Users/matthewo...')
#13 /Users/matthewoleary/Sites/WHALE_May2025/app/Providers/RouteServiceProvider.php(40): App\Providers\RouteServiceProvider->mapWebRoutes()
#14 [internal function]: App\Providers\RouteServiceProvider->map()
#15 /Users/matthewoleary/Sites/WHALE_May2025/vendor/laravel/framework/src/Illuminate/Container/BoundMethod.php(29): call_user_func_array(Array, Array)
#16 /Users/matthewoleary/Sites/WHALE_May2025/vendor/laravel/framework/src/Illuminate/Container/BoundMethod.php(87): Illuminate\Container\BoundMethod::Illuminate\Container\{closure}()
#17 /Users/matthewoleary/Sites/WHALE_May2025/vendor/laravel/framework/src/Illuminate/Container/BoundMethod.php(31): Illuminate\Container\BoundMethod::callBoundMethod(Object(Illuminate\Foundation\Application), Array, Object(Closure))
#18 /Users/matthewoleary/Sites/WHALE_May2025/vendor/laravel/framework/src/Illuminate/Container/Container.php(531): Illuminate\Container\BoundMethod::call(Object(Illuminate\Foundation\Application), Array, Array, NULL)
#19 /Users/matthewoleary/Sites/WHALE_May2025/vendor/laravel/framework/src/Illuminate/Foundation/Support/Providers/RouteServiceProvider.php(71): Illuminate\Container\Container->call(Array)
#20 /Users/matthewoleary/Sites/WHALE_May2025/vendor/laravel/framework/src/Illuminate/Foundation/Support/Providers/RouteServiceProvider.php(30): Illuminate\Foundation\Support\Providers\RouteServiceProvider->loadRoutes()
#21 /Users/matthewoleary/Sites/WHALE_May2025/app/Providers/RouteServiceProvider.php(28): Illuminate\Foundation\Support\Providers\RouteServiceProvider->boot()
#22 [internal function]: App\Providers\RouteServiceProvider->boot()
#23 /Users/matthewoleary/Sites/WHALE_May2025/vendor/laravel/framework/src/Illuminate/Container/BoundMethod.php(29): call_user_func_array(Array, Array)
#24 /Users/matthewoleary/Sites/WHALE_May2025/vendor/laravel/framework/src/Illuminate/Container/BoundMethod.php(87): Illuminate\Container\BoundMethod::Illuminate\Container\{closure}()
#25 /Users/matthewoleary/Sites/WHALE_May2025/vendor/laravel/framework/src/Illuminate/Container/BoundMethod.php(31): Illuminate\Container\BoundMethod::callBoundMethod(Object(Illuminate\Foundation\Application), Array, Object(Closure))
#26 /Users/matthewoleary/Sites/WHALE_May2025/vendor/laravel/framework/src/Illuminate/Container/Container.php(531): Illuminate\Container\BoundMethod::call(Object(Illuminate\Foundation\Application), Array, Array, NULL)
#27 /Users/matthewoleary/Sites/WHALE_May2025/vendor/laravel/framework/src/Illuminate/Foundation/Application.php(768): Illuminate\Container\Container->call(Array)
#28 /Users/matthewoleary/Sites/WHALE_May2025/vendor/laravel/framework/src/Illuminate/Foundation/Application.php(751): Illuminate\Foundation\Application->bootProvider(Object(App\Providers\RouteServiceProvider))
#29 [internal function]: Illuminate\Foundation\Application->Illuminate\Foundation\{closure}(Object(App\Providers\RouteServiceProvider), 16)
#30 /Users/matthewoleary/Sites/WHALE_May2025/vendor/laravel/framework/src/Illuminate/Foundation/Application.php(752): array_walk(Array, Object(Closure))
#31 /Users/matthewoleary/Sites/WHALE_May2025/vendor/laravel/framework/src/Illuminate/Foundation/Bootstrap/BootProviders.php(17): Illuminate\Foundation\Application->boot()
#32 /Users/matthewoleary/Sites/WHALE_May2025/vendor/laravel/framework/src/Illuminate/Foundation/Application.php(208): Illuminate\Foundation\Bootstrap\BootProviders->bootstrap(Object(Illuminate\Foundation\Application))
#33 /Users/matthewoleary/Sites/WHALE_May2025/vendor/laravel/framework/src/Illuminate/Foundation/Http/Kernel.php(160): Illuminate\Foundation\Application->bootstrapWith(Array)
#34 /Users/matthewoleary/Sites/WHALE_May2025/vendor/laravel/framework/src/Illuminate/Foundation/Http/Kernel.php(144): Illuminate\Foundation\Http\Kernel->bootstrap()
#35 /Users/matthewoleary/Sites/WHALE_May2025/vendor/laravel/framework/src/Illuminate/Foundation/Http/Kernel.php(116): Illuminate\Foundation\Http\Kernel->sendRequestThroughRouter(Object(Illuminate\Http\Request))
#36 /Users/matthewoleary/Sites/WHALE_May2025/public/index.php(52): Illuminate\Foundation\Http\Kernel->handle(Object(Illuminate\Http\Request))
#37 /Users/matthewoleary/Sites/WHALE_May2025/server.php(21): require_once('/Users/matthewo...')
#38 {main}  
