[2024-07-12 22:26:58] production.ERROR: exception 'Aws\Sqs\Exception\SqsException' with message 'Error executing "SendMessage" on "https://sqs.us-east-1.amazonaws.com/478518845277/SCWW_Queue"; AWS HTTP error: count(): Parameter must be an array or an object that implements Countable'

ErrorException: count(): Parameter must be an array or an object that implements Countable in /home/web4uinccp/santacruzwhalewatching.com/vendor/guzzlehttp/guzzle/src/Handler/CurlFactory.php:67
Stack trace:
#0 [internal function]: Illuminate\Foundation\Bootstrap\HandleExceptions->handleError(2, 'count(): Parame...', '/home/web4uincc...', 67, Array)
#1 /home/web4uinccp/santacruzwhalewatching.com/vendor/guzzlehttp/guzzle/src/Handler/CurlFactory.php(67): count(NULL)
#2 /home/web4uinccp/santacruzwhalewatching.com/vendor/guzzlehttp/guzzle/src/Handler/CurlFactory.php(107): GuzzleHttp\Handler\CurlFactory->release(Object(GuzzleHttp\Handler\EasyHandle))
#3 /home/web4uinccp/santacruzwhalewatching.com/vendor/guzzlehttp/guzzle/src/Handler/CurlMultiHandler.php(179): GuzzleHttp\Handler\CurlFactory::finish(Object(GuzzleHttp\Handler\CurlMultiHandler), Object(GuzzleHttp\Handler\EasyHandle), Object(GuzzleHttp\Handler\CurlFactory))
#4 /home/web4uinccp/santacruzwhalewatching.com/vendor/guzzlehttp/guzzle/src/Handler/CurlMultiHandler.php(108): GuzzleHttp\Handler\CurlMultiHandler->processMessages()
#5 /home/web4uinccp/santacruzwhalewatching.com/vendor/guzzlehttp/guzzle/src/Handler/CurlMultiHandler.php(123): GuzzleHttp\Handler\CurlMultiHandler->tick()
#6 /home/web4uinccp/santacruzwhalewatching.com/vendor/guzzlehttp/promises/src/Promise.php(246): GuzzleHttp\Handler\CurlMultiHandler->execute(true)
#7 /home/web4uinccp/santacruzwhalewatching.com/vendor/guzzlehttp/promises/src/Promise.php(223): GuzzleHttp\Promise\Promise->invokeWaitFn()
#8 /home/web4uinccp/santacruzwhalewatching.com/vendor/guzzlehttp/promises/src/Promise.php(267): GuzzleHttp\Promise\Promise->waitIfPending()
#9 /home/web4uinccp/santacruzwhalewatching.com/vendor/guzzlehttp/promises/src/Promise.php(225): GuzzleHttp\Promise\Promise->invokeWaitList()
#10 /home/web4uinccp/santacruzwhalewatching.com/vendor/guzzlehttp/promises/src/Promise.php(267): GuzzleHttp\Promise\Promise->waitIfPending()
#11 /home/web4uinccp/santacruzwhalewatching.com/vendor/guzzlehttp/promises/src/Promise.php(225): GuzzleHttp\Promise\Promise->invokeWaitList()
#12 /home/web4uinccp/santacruzwhalewatching.com/vendor/guzzlehttp/promises/src/Promise.php(62): GuzzleHttp\Promise\Promise->waitIfPending()
#13 /home/web4uinccp/santacruzwhalewatching.com/vendor/aws/aws-sdk-php/src/AwsClientTrait.php(59): GuzzleHttp\Promise\Promise->wait()
#14 /home/web4uinccp/santacruzwhalewatching.com/vendor/aws/aws-sdk-php/src/AwsClientTrait.php(78): Aws\AwsClient->execute(Object(Aws\Command))
#15 /home/web4uinccp/santacruzwhalewatching.com/vendor/laravel/framework/src/Illuminate/Queue/SqsQueue.php(89): Aws\AwsClient->__call('sendMessage', Array)
#16 /home/web4uinccp/santacruzwhalewatching.com/vendor/laravel/framework/src/Illuminate/Queue/SqsQueue.php(75): Illuminate\Queue\SqsQueue->pushRaw('{"displayName":...', NULL)
#17 /home/web4uinccp/santacruzwhalewatching.com/vendor/laravel/framework/src/Illuminate/Queue/Queue.php(42): Illuminate\Queue\SqsQueue->push(Object(Illuminate\Mail\SendQueuedMailable), '', NULL)
#18 /home/web4uinccp/santacruzwhalewatching.com/vendor/laravel/framework/src/Illuminate/Mail/Mailable.php(140): Illuminate\Queue\Queue->pushOn(NULL, Object(Illuminate\Mail\SendQueuedMailable))
#19 /home/web4uinccp/santacruzwhalewatching.com/vendor/laravel/framework/src/Illuminate/Mail/Mailer.php(331): Illuminate\Mail\Mailable->queue(Object(Illuminate\Queue\QueueManager))
#20 /home/web4uinccp/santacruzwhalewatching.com/vendor/laravel/framework/src/Illuminate/Mail/PendingMail.php(127): Illuminate\Mail\Mailer->queue(Object(App\Mail\User\UserWelcomeMail))
#21 /home/web4uinccp/santacruzwhalewatching.com/app/Models/User/User.php(341): Illuminate\Mail\PendingMail->queue(Object(App\Mail\User\UserWelcomeMail))
#22 /home/web4uinccp/santacruzwhalewatching.com/app/Http/Controllers/HomeController.php(44): App\Models\User\User->sendWelcomeMail()
#23 [internal function]: App\Http\Controllers\HomeController->getTest()
#24 /home/web4uinccp/santacruzwhalewatching.com/vendor/laravel/framework/src/Illuminate/Routing/Controller.php(55): call_user_func_array(Array, Array)
#25 /home/web4uinccp/santacruzwhalewatching.com/vendor/laravel/framework/src/Illuminate/Routing/ControllerDispatcher.php(44): Illuminate\Routing\Controller->callAction('getTest', Array)
#26 /home/web4uinccp/santacruzwhalewatching.com/vendor/laravel/framework/src/Illuminate/Routing/Route.php(203): Illuminate\Routing\ControllerDispatcher->dispatch(Object(Illuminate\Routing\Route), Object(App\Http\Controllers\HomeController), 'getTest')
#27 /home/web4uinccp/santacruzwhalewatching.com/vendor/laravel/framework/src/Illuminate/Routing/Route.php(160): Illuminate\Routing\Route->runController()
#28 /home/web4uinccp/santacruzwhalewatching.com/vendor/laravel/framework/src/Illuminate/Routing/Router.php(559): Illuminate\Routing\Route->run()
#29 /home/web4uinccp/santacruzwhalewatching.com/vendor/laravel/framework/src/Illuminate/Routing/Pipeline.php(30): Illuminate\Routing\Router->Illuminate\Routing\{closure}(Object(Illuminate\Http\Request))
#30 /home/web4uinccp/santacruzwhalewatching.com/app/Http/Middleware/CheckUser.php(50): Illuminate\Routing\Pipeline->Illuminate\Routing\{closure}(Object(Illuminate\Http\Request))
#31 /home/web4uinccp/santacruzwhalewatching.com/vendor/laravel/framework/src/Illuminate/Pipeline/Pipeline.php(148): App\Http\Middleware\CheckUser->handle(Object(Illuminate\Http\Request), Object(Closure))
#32 /home/web4uinccp/santacruzwhalewatching.com/vendor/laravel/framework/src/Illuminate/Routing/Pipeline.php(53): Illuminate\Pipeline\Pipeline->Illuminate\Pipeline\{closure}(Object(Illuminate\Http\Request))
#33 /home/web4uinccp/santacruzwhalewatching.com/vendor/laravel/framework/src/Illuminate/Routing/Middleware/SubstituteBindings.php(41): Illuminate\Routing\Pipeline->Illuminate\Routing\{closure}(Object(Illuminate\Http\Request))
#34 /home/web4uinccp/santacruzwhalewatching.com/vendor/laravel/framework/src/Illuminate/Pipeline/Pipeline.php(148): Illuminate\Routing\Middleware\SubstituteBindings->handle(Object(Illuminate\Http\Request), Object(Closure))
#35 /home/web4uinccp/santacruzwhalewatching.com/vendor/laravel/framework/src/Illuminate/Routing/Pipeline.php(53): Illuminate\Pipeline\Pipeline->Illuminate\Pipeline\{closure}(Object(Illuminate\Http\Request))
#36 /home/web4uinccp/santacruzwhalewatching.com/vendor/laravel/framework/src/Illuminate/Foundation/Http/Middleware/VerifyCsrfToken.php(65): Illuminate\Routing\Pipeline->Illuminate\Routing\{closure}(Object(Illuminate\Http\Request))
#37 /home/web4uinccp/santacruzwhalewatching.com/vendor/laravel/framework/src/Illuminate/Pipeline/Pipeline.php(148): Illuminate\Foundation\Http\Middleware\VerifyCsrfToken->handle(Object(Illuminate\Http\Request), Object(Closure))
#38 /home/web4uinccp/santacruzwhalewatching.com/vendor/laravel/framework/src/Illuminate/Routing/Pipeline.php(53): Illuminate\Pipeline\Pipeline->Illuminate\Pipeline\{closure}(Object(Illuminate\Http\Request))
#39 /home/web4uinccp/santacruzwhalewatching.com/vendor/laravel/framework/src/Illuminate/View/Middleware/ShareErrorsFromSession.php(49): Illuminate\Routing\Pipeline->Illuminate\Routing\{closure}(Object(Illuminate\Http\Request))
#40 /home/web4uinccp/santacruzwhalewatching.com/vendor/laravel/framework/src/Illuminate/Pipeline/Pipeline.php(148): Illuminate\View\Middleware\ShareErrorsFromSession->handle(Object(Illuminate\Http\Request), Object(Closure))
#41 /home/web4uinccp/santacruzwhalewatching.com/vendor/laravel/framework/src/Illuminate/Routing/Pipeline.php(53): Illuminate\Pipeline\Pipeline->Illuminate\Pipeline\{closure}(Object(Illuminate\Http\Request))
#42 /home/web4uinccp/santacruzwhalewatching.com/vendor/laravel/framework/src/Illuminate/Session/Middleware/StartSession.php(64): Illuminate\Routing\Pipeline->Illuminate\Routing\{closure}(Object(Illuminate\Http\Request))
#43 /home/web4uinccp/santacruzwhalewatching.com/vendor/laravel/framework/src/Illuminate/Pipeline/Pipeline.php(148): Illuminate\Session\Middleware\StartSession->handle(Object(Illuminate\Http\Request), Object(Closure))
#44 /home/web4uinccp/santacruzwhalewatching.com/vendor/laravel/framework/src/Illuminate/Routing/Pipeline.php(53): Illuminate\Pipeline\Pipeline->Illuminate\Pipeline\{closure}(Object(Illuminate\Http\Request))
#45 /home/web4uinccp/santacruzwhalewatching.com/vendor/laravel/framework/src/Illuminate/Cookie/Middleware/AddQueuedCookiesToResponse.php(37): Illuminate\Routing\Pipeline->Illuminate\Routing\{closure}(Object(Illuminate\Http\Request))
#46 /home/web4uinccp/santacruzwhalewatching.com/vendor/laravel/framework/src/Illuminate/Pipeline/Pipeline.php(148): Illuminate\Cookie\Middleware\AddQueuedCookiesToResponse->handle(Object(Illuminate\Http\Request), Object(Closure))
#47 /home/web4uinccp/santacruzwhalewatching.com/vendor/laravel/framework/src/Illuminate/Routing/Pipeline.php(53): Illuminate\Pipeline\Pipeline->Illuminate\Pipeline\{closure}(Object(Illuminate\Http\Request))
#48 /home/web4uinccp/santacruzwhalewatching.com/vendor/laravel/framework/src/Illuminate/Cookie/Middleware/EncryptCookies.php(59): Illuminate\Routing\Pipeline->Illuminate\Routing\{closure}(Object(Illuminate\Http\Request))
#49 /home/web4uinccp/santacruzwhalewatching.com/vendor/laravel/framework/src/Illuminate/Pipeline/Pipeline.php(148): Illuminate\Cookie\Middleware\EncryptCookies->handle(Object(Illuminate\Http\Request), Object(Closure))
#50 /home/web4uinccp/santacruzwhalewatching.com/vendor/laravel/framework/src/Illuminate/Routing/Pipeline.php(53): Illuminate\Pipeline\Pipeline->Illuminate\Pipeline\{closure}(Object(Illuminate\Http\Request))
#51 /home/web4uinccp/santacruzwhalewatching.com/vendor/laravel/framework/src/Illuminate/Pipeline/Pipeline.php(102): Illuminate\Routing\Pipeline->Illuminate\Routing\{closure}(Object(Illuminate\Http\Request))
#52 /home/web4uinccp/santacruzwhalewatching.com/vendor/laravel/framework/src/Illuminate/Routing/Router.php(561): Illuminate\Pipeline\Pipeline->then(Object(Closure))
#53 /home/web4uinccp/santacruzwhalewatching.com/vendor/laravel/framework/src/Illuminate/Routing/Router.php(520): Illuminate\Routing\Router->runRouteWithinStack(Object(Illuminate\Routing\Route), Object(Illuminate\Http\Request))
#54 /home/web4uinccp/santacruzwhalewatching.com/vendor/laravel/framework/src/Illuminate/Routing/Router.php(498): Illuminate\Routing\Router->dispatchToRoute(Object(Illuminate\Http\Request))
#55 /home/web4uinccp/santacruzwhalewatching.com/vendor/laravel/framework/src/Illuminate/Foundation/Http/Kernel.php(174): Illuminate\Routing\Router->dispatch(Object(Illuminate\Http\Request))
#56 /home/web4uinccp/santacruzwhalewatching.com/vendor/laravel/framework/src/Illuminate/Routing/Pipeline.php(30): Illuminate\Foundation\Http\Kernel->Illuminate\Foundation\Http\{closure}(Object(Illuminate\Http\Request))
#57 /home/web4uinccp/santacruzwhalewatching.com/vendor/laravel/framework/src/Illuminate/Foundation/Http/Middleware/TransformsRequest.php(30): Illuminate\Routing\Pipeline->Illuminate\Routing\{closure}(Object(Illuminate\Http\Request))
#58 /home/web4uinccp/santacruzwhalewatching.com/vendor/laravel/framework/src/Illuminate/Pipeline/Pipeline.php(148): Illuminate\Foundation\Http\Middleware\TransformsRequest->handle(Object(Illuminate\Http\Request), Object(Closure))
#59 /home/web4uinccp/santacruzwhalewatching.com/vendor/laravel/framework/src/Illuminate/Routing/Pipeline.php(53): Illuminate\Pipeline\Pipeline->Illuminate\Pipeline\{closure}(Object(Illuminate\Http\Request))
#60 /home/web4uinccp/santacruzwhalewatching.com/vendor/laravel/framework/src/Illuminate/Foundation/Http/Middleware/TransformsRequest.php(30): Illuminate\Routing\Pipeline->Illuminate\Routing\{closure}(Object(Illuminate\Http\Request))
#61 /home/web4uinccp/santacruzwhalewatching.com/vendor/laravel/framework/src/Illuminate/Pipeline/Pipeline.php(148): Illuminate\Foundation\Http\Middleware\TransformsRequest->handle(Object(Illuminate\Http\Request), Object(Closure))
#62 /home/web4uinccp/santacruzwhalewatching.com/vendor/laravel/framework/src/Illuminate/Routing/Pipeline.php(53): Illuminate\Pipeline\Pipeline->Illuminate\Pipeline\{closure}(Object(Illuminate\Http\Request))
#63 /home/web4uinccp/santacruzwhalewatching.com/vendor/laravel/framework/src/Illuminate/Foundation/Http/Middleware/ValidatePostSize.php(27): Illuminate\Routing\Pipeline->Illuminate\Routing\{closure}(Object(Illuminate\Http\Request))
#64 /home/web4uinccp/santacruzwhalewatching.com/vendor/laravel/framework/src/Illuminate/Pipeline/Pipeline.php(148): Illuminate\Foundation\Http\Middleware\ValidatePostSize->handle(Object(Illuminate\Http\Request), Object(Closure))
#65 /home/web4uinccp/santacruzwhalewatching.com/vendor/laravel/framework/src/Illuminate/Routing/Pipeline.php(53): Illuminate\Pipeline\Pipeline->Illuminate\Pipeline\{closure}(Object(Illuminate\Http\Request))
#66 /home/web4uinccp/santacruzwhalewatching.com/vendor/laravel/framework/src/Illuminate/Foundation/Http/Middleware/CheckForMaintenanceMode.php(46): Illuminate\Routing\Pipeline->Illuminate\Routing\{closure}(Object(Illuminate\Http\Request))
#67 /home/web4uinccp/santacruzwhalewatching.com/vendor/laravel/framework/src/Illuminate/Pipeline/Pipeline.php(148): Illuminate\Foundation\Http\Middleware\CheckForMaintenanceMode->handle(Object(Illuminate\Http\Request), Object(Closure))
#68 /home/web4uinccp/santacruzwhalewatching.com/vendor/laravel/framework/src/Illuminate/Routing/Pipeline.php(53): Illuminate\Pipeline\Pipeline->Illuminate\Pipeline\{closure}(Object(Illuminate\Http\Request))
#69 /home/web4uinccp/santacruzwhalewatching.com/vendor/laravel/framework/src/Illuminate/Pipeline/Pipeline.php(102): Illuminate\Routing\Pipeline->Illuminate\Routing\{closure}(Object(Illuminate\Http\Request))
#70 /home/web4uinccp/santacruzwhalewatching.com/vendor/laravel/framework/src/Illuminate/Foundation/Http/Kernel.php(149): Illuminate\Pipeline\Pipeline->then(Object(Closure))
#71 /home/web4uinccp/santacruzwhalewatching.com/vendor/laravel/framework/src/Illuminate/Foundation/Http/Kernel.php(116): Illuminate\Foundation\Http\Kernel->sendRequestThroughRouter(Object(Illuminate\Http\Request))
#72 /home/web4uinccp/santacruzwhalewatching.com/public/index.php(52): Illuminate\Foundation\Http\Kernel->handle(Object(Illuminate\Http\Request))
#73 {main}

Next Aws\Sqs\Exception\SqsException: Error executing "SendMessage" on "https://sqs.us-east-1.amazonaws.com/478518845277/SCWW_Queue"; AWS HTTP error: count(): Parameter must be an array or an object that implements Countable in /home/web4uinccp/santacruzwhalewatching.com/vendor/aws/aws-sdk-php/src/WrappedHttpHandler.php:192
Stack trace:
#0 /home/web4uinccp/santacruzwhalewatching.com/vendor/aws/aws-sdk-php/src/WrappedHttpHandler.php(98): Aws\WrappedHttpHandler->parseError(Array, Object(GuzzleHttp\Psr7\Request), Object(Aws\Command), Array)
#1 /home/web4uinccp/santacruzwhalewatching.com/vendor/guzzlehttp/promises/src/Promise.php(203): Aws\WrappedHttpHandler->Aws\{closure}(Array)
#2 /home/web4uinccp/santacruzwhalewatching.com/vendor/guzzlehttp/promises/src/Promise.php(174): GuzzleHttp\Promise\Promise::callHandler(2, Array, Array)
#3 /home/web4uinccp/santacruzwhalewatching.com/vendor/guzzlehttp/promises/src/RejectedPromise.php(40): GuzzleHttp\Promise\Promise::GuzzleHttp\Promise\{closure}(Array)
#4 /home/web4uinccp/santacruzwhalewatching.com/vendor/guzzlehttp/promises/src/TaskQueue.php(47): GuzzleHttp\Promise\RejectedPromise::GuzzleHttp\Promise\{closure}()
#5 /home/web4uinccp/santacruzwhalewatching.com/vendor/guzzlehttp/promises/src/Promise.php(234): GuzzleHttp\Promise\TaskQueue->run()
#6 /home/web4uinccp/santacruzwhalewatching.com/vendor/guzzlehttp/promises/src/Promise.php(267): GuzzleHttp\Promise\Promise->waitIfPending()
#7 /home/web4uinccp/santacruzwhalewatching.com/vendor/guzzlehttp/promises/src/Promise.php(225): GuzzleHttp\Promise\Promise->invokeWaitList()
#8 /home/web4uinccp/santacruzwhalewatching.com/vendor/guzzlehttp/promises/src/Promise.php(267): GuzzleHttp\Promise\Promise->waitIfPending()
#9 /home/web4uinccp/santacruzwhalewatching.com/vendor/guzzlehttp/promises/src/Promise.php(225): GuzzleHttp\Promise\Promise->invokeWaitList()
#10 /home/web4uinccp/santacruzwhalewatching.com/vendor/guzzlehttp/promises/src/Promise.php(62): GuzzleHttp\Promise\Promise->waitIfPending()
#11 /home/web4uinccp/santacruzwhalewatching.com/vendor/aws/aws-sdk-php/src/AwsClientTrait.php(59): GuzzleHttp\Promise\Promise->wait()
#12 /home/web4uinccp/santacruzwhalewatching.com/vendor/aws/aws-sdk-php/src/AwsClientTrait.php(78): Aws\AwsClient->execute(Object(Aws\Command))
#13 /home/web4uinccp/santacruzwhalewatching.com/vendor/laravel/framework/src/Illuminate/Queue/SqsQueue.php(89): Aws\AwsClient->__call('sendMessage', Array)
#14 /home/web4uinccp/santacruzwhalewatching.com/vendor/laravel/framework/src/Illuminate/Queue/SqsQueue.php(75): Illuminate\Queue\SqsQueue->pushRaw('{"displayName":...', NULL)
#15 /home/web4uinccp/santacruzwhalewatching.com/vendor/laravel/framework/src/Illuminate/Queue/Queue.php(42): Illuminate\Queue\SqsQueue->push(Object(Illuminate\Mail\SendQueuedMailable), '', NULL)
#16 /home/web4uinccp/santacruzwhalewatching.com/vendor/laravel/framework/src/Illuminate/Mail/Mailable.php(140): Illuminate\Queue\Queue->pushOn(NULL, Object(Illuminate\Mail\SendQueuedMailable))
#17 /home/web4uinccp/santacruzwhalewatching.com/vendor/laravel/framework/src/Illuminate/Mail/Mailer.php(331): Illuminate\Mail\Mailable->queue(Object(Illuminate\Queue\QueueManager))
#18 /home/web4uinccp/santacruzwhalewatching.com/vendor/laravel/framework/src/Illuminate/Mail/PendingMail.php(127): Illuminate\Mail\Mailer->queue(Object(App\Mail\User\UserWelcomeMail))
#19 /home/web4uinccp/santacruzwhalewatching.com/app/Models/User/User.php(341): Illuminate\Mail\PendingMail->queue(Object(App\Mail\User\UserWelcomeMail))
#20 /home/web4uinccp/santacruzwhalewatching.com/app/Http/Controllers/HomeController.php(44): App\Models\User\User->sendWelcomeMail()
#21 [internal function]: App\Http\Controllers\HomeController->getTest()
#22 /home/web4uinccp/santacruzwhalewatching.com/vendor/laravel/framework/src/Illuminate/Routing/Controller.php(55): call_user_func_array(Array, Array)
#23 /home/web4uinccp/santacruzwhalewatching.com/vendor/laravel/framework/src/Illuminate/Routing/ControllerDispatcher.php(44): Illuminate\Routing\Controller->callAction('getTest', Array)
#24 /home/web4uinccp/santacruzwhalewatching.com/vendor/laravel/framework/src/Illuminate/Routing/Route.php(203): Illuminate\Routing\ControllerDispatcher->dispatch(Object(Illuminate\Routing\Route), Object(App\Http\Controllers\HomeController), 'getTest')
#25 /home/web4uinccp/santacruzwhalewatching.com/vendor/laravel/framework/src/Illuminate/Routing/Route.php(160): Illuminate\Routing\Route->runController()
#26 /home/web4uinccp/santacruzwhalewatching.com/vendor/laravel/framework/src/Illuminate/Routing/Router.php(559): Illuminate\Routing\Route->run()
#27 /home/web4uinccp/santacruzwhalewatching.com/vendor/laravel/framework/src/Illuminate/Routing/Pipeline.php(30): Illuminate\Routing\Router->Illuminate\Routing\{closure}(Object(Illuminate\Http\Request))
#28 /home/web4uinccp/santacruzwhalewatching.com/app/Http/Middleware/CheckUser.php(50): Illuminate\Routing\Pipeline->Illuminate\Routing\{closure}(Object(Illuminate\Http\Request))
#29 /home/web4uinccp/santacruzwhalewatching.com/vendor/laravel/framework/src/Illuminate/Pipeline/Pipeline.php(148): App\Http\Middleware\CheckUser->handle(Object(Illuminate\Http\Request), Object(Closure))
#30 /home/web4uinccp/santacruzwhalewatching.com/vendor/laravel/framework/src/Illuminate/Routing/Pipeline.php(53): Illuminate\Pipeline\Pipeline->Illuminate\Pipeline\{closure}(Object(Illuminate\Http\Request))
#31 /home/web4uinccp/santacruzwhalewatching.com/vendor/laravel/framework/src/Illuminate/Routing/Middleware/SubstituteBindings.php(41): Illuminate\Routing\Pipeline->Illuminate\Routing\{closure}(Object(Illuminate\Http\Request))
#32 /home/web4uinccp/santacruzwhalewatching.com/vendor/laravel/framework/src/Illuminate/Pipeline/Pipeline.php(148): Illuminate\Routing\Middleware\SubstituteBindings->handle(Object(Illuminate\Http\Request), Object(Closure))
#33 /home/web4uinccp/santacruzwhalewatching.com/vendor/laravel/framework/src/Illuminate/Routing/Pipeline.php(53): Illuminate\Pipeline\Pipeline->Illuminate\Pipeline\{closure}(Object(Illuminate\Http\Request))
#34 /home/web4uinccp/santacruzwhalewatching.com/vendor/laravel/framework/src/Illuminate/Foundation/Http/Middleware/VerifyCsrfToken.php(65): Illuminate\Routing\Pipeline->Illuminate\Routing\{closure}(Object(Illuminate\Http\Request))
#35 /home/web4uinccp/santacruzwhalewatching.com/vendor/laravel/framework/src/Illuminate/Pipeline/Pipeline.php(148): Illuminate\Foundation\Http\Middleware\VerifyCsrfToken->handle(Object(Illuminate\Http\Request), Object(Closure))
#36 /home/web4uinccp/santacruzwhalewatching.com/vendor/laravel/framework/src/Illuminate/Routing/Pipeline.php(53): Illuminate\Pipeline\Pipeline->Illuminate\Pipeline\{closure}(Object(Illuminate\Http\Request))
#37 /home/web4uinccp/santacruzwhalewatching.com/vendor/laravel/framework/src/Illuminate/View/Middleware/ShareErrorsFromSession.php(49): Illuminate\Routing\Pipeline->Illuminate\Routing\{closure}(Object(Illuminate\Http\Request))
#38 /home/web4uinccp/santacruzwhalewatching.com/vendor/laravel/framework/src/Illuminate/Pipeline/Pipeline.php(148): Illuminate\View\Middleware\ShareErrorsFromSession->handle(Object(Illuminate\Http\Request), Object(Closure))
#39 /home/web4uinccp/santacruzwhalewatching.com/vendor/laravel/framework/src/Illuminate/Routing/Pipeline.php(53): Illuminate\Pipeline\Pipeline->Illuminate\Pipeline\{closure}(Object(Illuminate\Http\Request))
#40 /home/web4uinccp/santacruzwhalewatching.com/vendor/laravel/framework/src/Illuminate/Session/Middleware/StartSession.php(64): Illuminate\Routing\Pipeline->Illuminate\Routing\{closure}(Object(Illuminate\Http\Request))
#41 /home/web4uinccp/santacruzwhalewatching.com/vendor/laravel/framework/src/Illuminate/Pipeline/Pipeline.php(148): Illuminate\Session\Middleware\StartSession->handle(Object(Illuminate\Http\Request), Object(Closure))
#42 /home/web4uinccp/santacruzwhalewatching.com/vendor/laravel/framework/src/Illuminate/Routing/Pipeline.php(53): Illuminate\Pipeline\Pipeline->Illuminate\Pipeline\{closure}(Object(Illuminate\Http\Request))
#43 /home/web4uinccp/santacruzwhalewatching.com/vendor/laravel/framework/src/Illuminate/Cookie/Middleware/AddQueuedCookiesToResponse.php(37): Illuminate\Routing\Pipeline->Illuminate\Routing\{closure}(Object(Illuminate\Http\Request))
#44 /home/web4uinccp/santacruzwhalewatching.com/vendor/laravel/framework/src/Illuminate/Pipeline/Pipeline.php(148): Illuminate\Cookie\Middleware\AddQueuedCookiesToResponse->handle(Object(Illuminate\Http\Request), Object(Closure))
#45 /home/web4uinccp/santacruzwhalewatching.com/vendor/laravel/framework/src/Illuminate/Routing/Pipeline.php(53): Illuminate\Pipeline\Pipeline->Illuminate\Pipeline\{closure}(Object(Illuminate\Http\Request))
#46 /home/web4uinccp/santacruzwhalewatching.com/vendor/laravel/framework/src/Illuminate/Cookie/Middleware/EncryptCookies.php(59): Illuminate\Routing\Pipeline->Illuminate\Routing\{closure}(Object(Illuminate\Http\Request))
#47 /home/web4uinccp/santacruzwhalewatching.com/vendor/laravel/framework/src/Illuminate/Pipeline/Pipeline.php(148): Illuminate\Cookie\Middleware\EncryptCookies->handle(Object(Illuminate\Http\Request), Object(Closure))
#48 /home/web4uinccp/santacruzwhalewatching.com/vendor/laravel/framework/src/Illuminate/Routing/Pipeline.php(53): Illuminate\Pipeline\Pipeline->Illuminate\Pipeline\{closure}(Object(Illuminate\Http\Request))
#49 /home/web4uinccp/santacruzwhalewatching.com/vendor/laravel/framework/src/Illuminate/Pipeline/Pipeline.php(102): Illuminate\Routing\Pipeline->Illuminate\Routing\{closure}(Object(Illuminate\Http\Request))
#50 /home/web4uinccp/santacruzwhalewatching.com/vendor/laravel/framework/src/Illuminate/Routing/Router.php(561): Illuminate\Pipeline\Pipeline->then(Object(Closure))
#51 /home/web4uinccp/santacruzwhalewatching.com/vendor/laravel/framework/src/Illuminate/Routing/Router.php(520): Illuminate\Routing\Router->runRouteWithinStack(Object(Illuminate\Routing\Route), Object(Illuminate\Http\Request))
#52 /home/web4uinccp/santacruzwhalewatching.com/vendor/laravel/framework/src/Illuminate/Routing/Router.php(498): Illuminate\Routing\Router->dispatchToRoute(Object(Illuminate\Http\Request))
#53 /home/web4uinccp/santacruzwhalewatching.com/vendor/laravel/framework/src/Illuminate/Foundation/Http/Kernel.php(174): Illuminate\Routing\Router->dispatch(Object(Illuminate\Http\Request))
#54 /home/web4uinccp/santacruzwhalewatching.com/vendor/laravel/framework/src/Illuminate/Routing/Pipeline.php(30): Illuminate\Foundation\Http\Kernel->Illuminate\Foundation\Http\{closure}(Object(Illuminate\Http\Request))
#55 /home/web4uinccp/santacruzwhalewatching.com/vendor/laravel/framework/src/Illuminate/Foundation/Http/Middleware/TransformsRequest.php(30): Illuminate\Routing\Pipeline->Illuminate\Routing\{closure}(Object(Illuminate\Http\Request))
#56 /home/web4uinccp/santacruzwhalewatching.com/vendor/laravel/framework/src/Illuminate/Pipeline/Pipeline.php(148): Illuminate\Foundation\Http\Middleware\TransformsRequest->handle(Object(Illuminate\Http\Request), Object(Closure))
#57 /home/web4uinccp/santacruzwhalewatching.com/vendor/laravel/framework/src/Illuminate/Routing/Pipeline.php(53): Illuminate\Pipeline\Pipeline->Illuminate\Pipeline\{closure}(Object(Illuminate\Http\Request))
#58 /home/web4uinccp/santacruzwhalewatching.com/vendor/laravel/framework/src/Illuminate/Foundation/Http/Middleware/TransformsRequest.php(30): Illuminate\Routing\Pipeline->Illuminate\Routing\{closure}(Object(Illuminate\Http\Request))
#59 /home/web4uinccp/santacruzwhalewatching.com/vendor/laravel/framework/src/Illuminate/Pipeline/Pipeline.php(148): Illuminate\Foundation\Http\Middleware\TransformsRequest->handle(Object(Illuminate\Http\Request), Object(Closure))
#60 /home/web4uinccp/santacruzwhalewatching.com/vendor/laravel/framework/src/Illuminate/Routing/Pipeline.php(53): Illuminate\Pipeline\Pipeline->Illuminate\Pipeline\{closure}(Object(Illuminate\Http\Request))
#61 /home/web4uinccp/santacruzwhalewatching.com/vendor/laravel/framework/src/Illuminate/Foundation/Http/Middleware/ValidatePostSize.php(27): Illuminate\Routing\Pipeline->Illuminate\Routing\{closure}(Object(Illuminate\Http\Request))
#62 /home/web4uinccp/santacruzwhalewatching.com/vendor/laravel/framework/src/Illuminate/Pipeline/Pipeline.php(148): Illuminate\Foundation\Http\Middleware\ValidatePostSize->handle(Object(Illuminate\Http\Request), Object(Closure))
#63 /home/web4uinccp/santacruzwhalewatching.com/vendor/laravel/framework/src/Illuminate/Routing/Pipeline.php(53): Illuminate\Pipeline\Pipeline->Illuminate\Pipeline\{closure}(Object(Illuminate\Http\Request))
#64 /home/web4uinccp/santacruzwhalewatching.com/vendor/laravel/framework/src/Illuminate/Foundation/Http/Middleware/CheckForMaintenanceMode.php(46): Illuminate\Routing\Pipeline->Illuminate\Routing\{closure}(Object(Illuminate\Http\Request))
#65 /home/web4uinccp/santacruzwhalewatching.com/vendor/laravel/framework/src/Illuminate/Pipeline/Pipeline.php(148): Illuminate\Foundation\Http\Middleware\CheckForMaintenanceMode->handle(Object(Illuminate\Http\Request), Object(Closure))
#66 /home/web4uinccp/santacruzwhalewatching.com/vendor/laravel/framework/src/Illuminate/Routing/Pipeline.php(53): Illuminate\Pipeline\Pipeline->Illuminate\Pipeline\{closure}(Object(Illuminate\Http\Request))
#67 /home/web4uinccp/santacruzwhalewatching.com/vendor/laravel/framework/src/Illuminate/Pipeline/Pipeline.php(102): Illuminate\Routing\Pipeline->Illuminate\Routing\{closure}(Object(Illuminate\Http\Request))
#68 /home/web4uinccp/santacruzwhalewatching.com/vendor/laravel/framework/src/Illuminate/Foundation/Http/Kernel.php(149): Illuminate\Pipeline\Pipeline->then(Object(Closure))
#69 /home/web4uinccp/santacruzwhalewatching.com/vendor/laravel/framework/src/Illuminate/Foundation/Http/Kernel.php(116): Illuminate\Foundation\Http\Kernel->sendRequestThroughRouter(Object(Illuminate\Http\Request))
#70 /home/web4uinccp/santacruzwhalewatching.com/public/index.php(52): Illuminate\Foundation\Http\Kernel->handle(Object(Illuminate\Http\Request))
#71 {main}  
